<?xml version="1.0" encoding="UTF-8"?>
<coverage generated="1549379514777" clover="3.2.0">
  <project timestamp="1549379514777" name="All files">
    <metrics statements="173" coveredstatements="97" conditionals="81" coveredconditionals="54" methods="103" coveredmethods="51" elements="357" coveredelements="202" complexity="0" loc="173" ncloc="173" packages="6" files="20" classes="20">
      <package name="actions">
        <metrics statements="44" coveredstatements="22" conditionals="12" coveredconditionals="1" methods="32" coveredmethods="15"/>
        <file name="auth.js" path="/Users/stefan/projects/javascript-4-examination/stefan_larsson_js4/src/actions/auth.js">
          <metrics statements="14" coveredstatements="6" conditionals="0" coveredconditionals="0" methods="10" coveredmethods="2"/>
          <line num="3" count="3" type="stmt"/>
          <line num="8" count="3" type="stmt"/>
          <line num="9" count="0" type="stmt"/>
          <line num="10" count="0" type="stmt"/>
          <line num="14" count="3" type="stmt"/>
          <line num="18" count="3" type="stmt"/>
          <line num="19" count="0" type="stmt"/>
          <line num="20" count="0" type="stmt"/>
          <line num="24" count="3" type="stmt"/>
          <line num="25" count="0" type="stmt"/>
          <line num="28" count="0" type="stmt"/>
          <line num="31" count="3" type="stmt"/>
          <line num="32" count="0" type="stmt"/>
          <line num="34" count="0" type="stmt"/>
        </file>
        <file name="filters.js" path="/Users/stefan/projects/javascript-4-examination/stefan_larsson_js4/src/actions/filters.js">
          <metrics statements="4" coveredstatements="4" conditionals="2" coveredconditionals="1" methods="4" coveredmethods="4"/>
          <line num="1" count="2" type="cond" truecount="1" falsecount="0"/>
          <line num="6" count="2" type="cond" truecount="0" falsecount="1"/>
          <line num="11" count="2" type="stmt"/>
          <line num="16" count="2" type="stmt"/>
        </file>
        <file name="movies.js" path="/Users/stefan/projects/javascript-4-examination/stefan_larsson_js4/src/actions/movies.js">
          <metrics statements="26" coveredstatements="12" conditionals="10" coveredconditionals="0" methods="18" coveredmethods="9"/>
          <line num="5" count="3" type="stmt"/>
          <line num="10" count="3" type="cond" truecount="0" falsecount="1"/>
          <line num="11" count="0" type="stmt"/>
          <line num="12" count="0" type="stmt"/>
          <line num="21" count="0" type="stmt"/>
          <line num="22" count="0" type="stmt"/>
          <line num="24" count="0" type="stmt"/>
          <line num="25" count="0" type="stmt"/>
          <line num="30" count="3" type="cond" truecount="0" falsecount="1"/>
          <line num="35" count="3" type="cond" truecount="0" falsecount="1"/>
          <line num="36" count="1" type="stmt"/>
          <line num="37" count="1" type="stmt"/>
          <line num="38" count="1" type="stmt"/>
          <line num="43" count="3" type="stmt"/>
          <line num="49" count="3" type="stmt"/>
          <line num="50" count="1" type="stmt"/>
          <line num="51" count="1" type="stmt"/>
          <line num="52" count="1" type="stmt"/>
          <line num="58" count="0" type="stmt"/>
          <line num="59" count="0" type="stmt"/>
          <line num="60" count="0" type="stmt"/>
          <line num="65" count="0" type="stmt"/>
          <line num="66" count="0" type="stmt"/>
          <line num="71" count="0" type="stmt"/>
          <line num="72" count="0" type="stmt"/>
          <line num="73" count="0" type="stmt"/>
        </file>
      </package>
      <package name="components">
        <metrics statements="98" coveredstatements="45" conditionals="44" coveredconditionals="30" methods="64" coveredmethods="29"/>
        <file name="AddMoviePage.js" path="/Users/stefan/projects/javascript-4-examination/stefan_larsson_js4/src/components/AddMoviePage.js">
          <metrics statements="5" coveredstatements="4" conditionals="0" coveredconditionals="0" methods="4" coveredmethods="2"/>
          <line num="9" count="1" type="stmt"/>
          <line num="10" count="1" type="stmt"/>
          <line num="13" count="2" type="stmt"/>
          <line num="26" count="1" type="stmt"/>
          <line num="27" count="0" type="stmt"/>
        </file>
        <file name="DashboardPage.js" path="/Users/stefan/projects/javascript-4-examination/stefan_larsson_js4/src/components/DashboardPage.js">
          <metrics statements="2" coveredstatements="2" conditionals="0" coveredconditionals="0" methods="1" coveredmethods="1"/>
          <line num="6" count="1" type="stmt"/>
          <line num="7" count="1" type="stmt"/>
        </file>
        <file name="EditMoviePage.js" path="/Users/stefan/projects/javascript-4-examination/stefan_larsson_js4/src/components/EditMoviePage.js">
          <metrics statements="9" coveredstatements="5" conditionals="0" coveredconditionals="0" methods="8" coveredmethods="3"/>
          <line num="9" count="1" type="stmt"/>
          <line num="13" count="1" type="stmt"/>
          <line num="17" count="3" type="stmt"/>
          <line num="31" count="1" type="stmt"/>
          <line num="32" count="0" type="stmt"/>
          <line num="33" count="0" type="stmt"/>
          <line num="37" count="1" type="stmt"/>
          <line num="38" count="0" type="stmt"/>
          <line num="39" count="0" type="stmt"/>
        </file>
        <file name="Header.js" path="/Users/stefan/projects/javascript-4-examination/stefan_larsson_js4/src/components/Header.js">
          <metrics statements="4" coveredstatements="3" conditionals="0" coveredconditionals="0" methods="3" coveredmethods="1"/>
          <line num="13" count="1" type="stmt"/>
          <line num="14" count="2" type="stmt"/>
          <line num="33" count="1" type="stmt"/>
          <line num="34" count="0" type="stmt"/>
        </file>
        <file name="LoadingPage.js" path="/Users/stefan/projects/javascript-4-examination/stefan_larsson_js4/src/components/LoadingPage.js">
          <metrics statements="2" coveredstatements="2" conditionals="0" coveredconditionals="0" methods="1" coveredmethods="1"/>
          <line num="3" count="1" type="stmt"/>
          <line num="4" count="1" type="stmt"/>
        </file>
        <file name="LoginPage.js" path="/Users/stefan/projects/javascript-4-examination/stefan_larsson_js4/src/components/LoginPage.js">
          <metrics statements="15" coveredstatements="3" conditionals="0" coveredconditionals="0" methods="12" coveredmethods="2"/>
          <line num="16" count="0" type="stmt"/>
          <line num="21" count="0" type="stmt"/>
          <line num="26" count="0" type="stmt"/>
          <line num="31" count="1" type="stmt"/>
          <line num="35" count="0" type="stmt"/>
          <line num="36" count="0" type="stmt"/>
          <line num="37" count="0" type="stmt"/>
          <line num="39" count="0" type="stmt"/>
          <line num="42" count="0" type="stmt"/>
          <line num="43" count="0" type="stmt"/>
          <line num="44" count="0" type="stmt"/>
          <line num="46" count="0" type="stmt"/>
          <line num="49" count="2" type="stmt"/>
          <line num="123" count="1" type="stmt"/>
          <line num="124" count="0" type="stmt"/>
        </file>
        <file name="MovieForm.js" path="/Users/stefan/projects/javascript-4-examination/stefan_larsson_js4/src/components/MovieForm.js">
          <metrics statements="25" coveredstatements="17" conditionals="33" coveredconditionals="28" methods="22" coveredmethods="15"/>
          <line num="8" count="9" type="stmt"/>
          <line num="10" count="9" type="stmt"/>
          <line num="24" count="1" type="stmt"/>
          <line num="25" count="1" type="stmt"/>
          <line num="28" count="1" type="stmt"/>
          <line num="29" count="1" type="stmt"/>
          <line num="32" count="1" type="stmt"/>
          <line num="33" count="1" type="stmt"/>
          <line num="36" count="0" type="stmt"/>
          <line num="37" count="0" type="stmt"/>
          <line num="40" count="0" type="stmt"/>
          <line num="41" count="0" type="stmt"/>
          <line num="44" count="0" type="stmt"/>
          <line num="45" count="0" type="cond" truecount="0" falsecount="4"/>
          <line num="46" count="0" type="stmt"/>
          <line num="50" count="1" type="cond" truecount="1" falsecount="1"/>
          <line num="51" count="1" type="stmt"/>
          <line num="55" count="1" type="stmt"/>
          <line num="58" count="2" type="stmt"/>
          <line num="60" count="2" type="cond" truecount="2" falsecount="0"/>
          <line num="69" count="1" type="stmt"/>
          <line num="71" count="1" type="stmt"/>
          <line num="72" count="1" type="stmt"/>
          <line num="85" count="16" type="stmt"/>
          <line num="161" count="0" type="stmt"/>
        </file>
        <file name="MovieList.js" path="/Users/stefan/projects/javascript-4-examination/stefan_larsson_js4/src/components/MovieList.js">
          <metrics statements="5" coveredstatements="4" conditionals="2" coveredconditionals="2" methods="3" coveredmethods="2"/>
          <line num="7" count="2" type="stmt"/>
          <line num="8" count="2" type="stmt"/>
          <line num="14" count="3" type="stmt"/>
          <line num="20" count="2" type="stmt"/>
          <line num="21" count="0" type="stmt"/>
        </file>
        <file name="MovieListFilters.js" path="/Users/stefan/projects/javascript-4-examination/stefan_larsson_js4/src/components/MovieListFilters.js">
          <metrics statements="27" coveredstatements="1" conditionals="9" coveredconditionals="0" methods="8" coveredmethods="0"/>
          <line num="12" count="0" type="stmt"/>
          <line num="13" count="0" type="stmt"/>
          <line num="16" count="0" type="stmt"/>
          <line num="19" count="0" type="stmt"/>
          <line num="28" count="0" type="stmt"/>
          <line num="37" count="0" type="cond" truecount="0" falsecount="9"/>
          <line num="39" count="0" type="stmt"/>
          <line num="40" count="0" type="stmt"/>
          <line num="42" count="0" type="stmt"/>
          <line num="43" count="0" type="stmt"/>
          <line num="45" count="0" type="stmt"/>
          <line num="46" count="0" type="stmt"/>
          <line num="48" count="0" type="stmt"/>
          <line num="49" count="0" type="stmt"/>
          <line num="51" count="0" type="stmt"/>
          <line num="52" count="0" type="stmt"/>
          <line num="54" count="0" type="stmt"/>
          <line num="55" count="0" type="stmt"/>
          <line num="57" count="0" type="stmt"/>
          <line num="58" count="0" type="stmt"/>
          <line num="60" count="0" type="stmt"/>
          <line num="61" count="0" type="stmt"/>
          <line num="63" count="0" type="stmt"/>
          <line num="64" count="0" type="stmt"/>
          <line num="89" count="0" type="stmt"/>
          <line num="98" count="1" type="stmt"/>
          <line num="99" count="0" type="stmt"/>
        </file>
        <file name="MovieListItem.js" path="/Users/stefan/projects/javascript-4-examination/stefan_larsson_js4/src/components/MovieListItem.js">
          <metrics statements="2" coveredstatements="2" conditionals="0" coveredconditionals="0" methods="1" coveredmethods="1"/>
          <line num="6" count="3" type="stmt"/>
          <line num="7" count="1" type="stmt"/>
        </file>
        <file name="NotFoundPage.js" path="/Users/stefan/projects/javascript-4-examination/stefan_larsson_js4/src/components/NotFoundPage.js">
          <metrics statements="2" coveredstatements="2" conditionals="0" coveredconditionals="0" methods="1" coveredmethods="1"/>
          <line num="4" count="1" type="stmt"/>
          <line num="5" count="1" type="stmt"/>
        </file>
      </package>
      <package name="firebase">
        <metrics statements="4" coveredstatements="4" conditionals="0" coveredconditionals="0" methods="0" coveredmethods="0"/>
        <file name="firebase.js" path="/Users/stefan/projects/javascript-4-examination/stefan_larsson_js4/src/firebase/firebase.js">
          <metrics statements="4" coveredstatements="4" conditionals="0" coveredconditionals="0" methods="0" coveredmethods="0"/>
          <line num="3" count="6" type="stmt"/>
          <line num="12" count="6" type="stmt"/>
          <line num="14" count="6" type="stmt"/>
          <line num="15" count="6" type="stmt"/>
        </file>
      </package>
      <package name="reducers">
        <metrics statements="20" coveredstatements="19" conditionals="17" coveredconditionals="15" methods="5" coveredmethods="5"/>
        <file name="auth.js" path="/Users/stefan/projects/javascript-4-examination/stefan_larsson_js4/src/reducers/auth.js">
          <metrics statements="4" coveredstatements="3" conditionals="4" coveredconditionals="2" methods="1" coveredmethods="1"/>
          <line num="2" count="2" type="cond" truecount="2" falsecount="1"/>
          <line num="4" count="1" type="stmt"/>
          <line num="8" count="1" type="stmt"/>
          <line num="10" count="0" type="stmt"/>
        </file>
        <file name="filters.js" path="/Users/stefan/projects/javascript-4-examination/stefan_larsson_js4/src/reducers/filters.js">
          <metrics statements="7" coveredstatements="7" conditionals="6" coveredconditionals="6" methods="1" coveredmethods="1"/>
          <line num="4" count="1" type="stmt"/>
          <line num="12" count="5" type="cond" truecount="5" falsecount="0"/>
          <line num="14" count="1" type="stmt"/>
          <line num="19" count="1" type="stmt"/>
          <line num="24" count="1" type="stmt"/>
          <line num="29" count="1" type="stmt"/>
          <line num="34" count="1" type="stmt"/>
        </file>
        <file name="movies.js" path="/Users/stefan/projects/javascript-4-examination/stefan_larsson_js4/src/reducers/movies.js">
          <metrics statements="9" coveredstatements="9" conditionals="7" coveredconditionals="7" methods="3" coveredmethods="3"/>
          <line num="3" count="1" type="stmt"/>
          <line num="6" count="6" type="cond" truecount="4" falsecount="0"/>
          <line num="8" count="1" type="stmt"/>
          <line num="13" count="6" type="stmt"/>
          <line num="15" count="2" type="stmt"/>
          <line num="16" count="6" type="cond" truecount="2" falsecount="0"/>
          <line num="17" count="1" type="stmt"/>
          <line num="22" count="5" type="stmt"/>
          <line num="26" count="1" type="stmt"/>
        </file>
      </package>
      <package name="selectors">
        <metrics statements="7" coveredstatements="7" conditionals="8" coveredconditionals="8" methods="2" coveredmethods="2"/>
        <file name="movies.js" path="/Users/stefan/projects/javascript-4-examination/stefan_larsson_js4/src/selectors/movies.js">
          <metrics statements="7" coveredstatements="7" conditionals="8" coveredconditionals="8" methods="2" coveredmethods="2"/>
          <line num="5" count="4" type="stmt"/>
          <line num="6" count="12" type="stmt"/>
          <line num="7" count="12" type="cond" truecount="2" falsecount="0"/>
          <line num="8" count="12" type="cond" truecount="2" falsecount="0"/>
          <line num="9" count="12" type="stmt"/>
          <line num="10" count="12" type="stmt"/>
          <line num="12" count="12" type="cond" truecount="4" falsecount="0"/>
        </file>
      </package>
      <package name="tests.fixtures">
        <metrics statements="0" coveredstatements="0" conditionals="0" coveredconditionals="0" methods="0" coveredmethods="0"/>
        <file name="movies.js" path="/Users/stefan/projects/javascript-4-examination/stefan_larsson_js4/src/tests/fixtures/movies.js">
          <metrics statements="0" coveredstatements="0" conditionals="0" coveredconditionals="0" methods="0" coveredmethods="0"/>
        </file>
      </package>
    </metrics>
  </project>
</coverage>
