{"/Users/stefan/projects/javascript-4-examination/stefan_larsson_js4/src/actions/auth.js": {"path":"/Users/stefan/projects/javascript-4-examination/stefan_larsson_js4/src/actions/auth.js","statementMap":{"0":{"start":{"line":3,"column":21},"end":{"line":6,"column":2}},"1":{"start":{"line":3,"column":31},"end":{"line":6,"column":1}},"2":{"start":{"line":8,"column":26},"end":{"line":12,"column":1}},"3":{"start":{"line":9,"column":2},"end":{"line":11,"column":4}},"4":{"start":{"line":10,"column":4},"end":{"line":10,"column":63}},"5":{"start":{"line":14,"column":22},"end":{"line":16,"column":2}},"6":{"start":{"line":14,"column":29},"end":{"line":16,"column":1}},"7":{"start":{"line":18,"column":27},"end":{"line":22,"column":1}},"8":{"start":{"line":19,"column":2},"end":{"line":21,"column":4}},"9":{"start":{"line":20,"column":4},"end":{"line":20,"column":37}},"10":{"start":{"line":24,"column":31},"end":{"line":29,"column":1}},"11":{"start":{"line":25,"column":2},"end":{"line":28,"column":40}},"12":{"start":{"line":28,"column":20},"end":{"line":28,"column":38}},"13":{"start":{"line":31,"column":28},"end":{"line":35,"column":1}},"14":{"start":{"line":32,"column":2},"end":{"line":34,"column":39}},"15":{"start":{"line":34,"column":20},"end":{"line":34,"column":38}}},"fnMap":{"0":{"name":"(anonymous_0)","decl":{"start":{"line":3,"column":21},"end":{"line":3,"column":22}},"loc":{"start":{"line":3,"column":31},"end":{"line":6,"column":1}},"line":3},"1":{"name":"(anonymous_1)","decl":{"start":{"line":8,"column":26},"end":{"line":8,"column":27}},"loc":{"start":{"line":8,"column":32},"end":{"line":12,"column":1}},"line":8},"2":{"name":"(anonymous_2)","decl":{"start":{"line":9,"column":9},"end":{"line":9,"column":10}},"loc":{"start":{"line":9,"column":15},"end":{"line":11,"column":3}},"line":9},"3":{"name":"(anonymous_3)","decl":{"start":{"line":14,"column":22},"end":{"line":14,"column":23}},"loc":{"start":{"line":14,"column":29},"end":{"line":16,"column":1}},"line":14},"4":{"name":"(anonymous_4)","decl":{"start":{"line":18,"column":27},"end":{"line":18,"column":28}},"loc":{"start":{"line":18,"column":33},"end":{"line":22,"column":1}},"line":18},"5":{"name":"(anonymous_5)","decl":{"start":{"line":19,"column":9},"end":{"line":19,"column":10}},"loc":{"start":{"line":19,"column":15},"end":{"line":21,"column":3}},"line":19},"6":{"name":"(anonymous_6)","decl":{"start":{"line":24,"column":31},"end":{"line":24,"column":32}},"loc":{"start":{"line":24,"column":52},"end":{"line":29,"column":1}},"line":24},"7":{"name":"(anonymous_7)","decl":{"start":{"line":28,"column":11},"end":{"line":28,"column":12}},"loc":{"start":{"line":28,"column":20},"end":{"line":28,"column":38}},"line":28},"8":{"name":"(anonymous_8)","decl":{"start":{"line":31,"column":28},"end":{"line":31,"column":29}},"loc":{"start":{"line":31,"column":49},"end":{"line":35,"column":1}},"line":31},"9":{"name":"(anonymous_9)","decl":{"start":{"line":34,"column":11},"end":{"line":34,"column":12}},"loc":{"start":{"line":34,"column":20},"end":{"line":34,"column":38}},"line":34}},"branchMap":{},"s":{"0":3,"1":1,"2":3,"3":0,"4":0,"5":3,"6":1,"7":3,"8":0,"9":0,"10":3,"11":0,"12":0,"13":3,"14":0,"15":0},"f":{"0":1,"1":0,"2":0,"3":1,"4":0,"5":0,"6":0,"7":0,"8":0,"9":0},"b":{},"_coverageSchema":"332fd63041d2c1bcb487cc26dd0d5f7d97098a6c","hash":"27f39b5a8881779536b2da61163dc215186e9b4b"}
,"/Users/stefan/projects/javascript-4-examination/stefan_larsson_js4/src/actions/filters.js": {"path":"/Users/stefan/projects/javascript-4-examination/stefan_larsson_js4/src/actions/filters.js","statementMap":{"0":{"start":{"line":1,"column":29},"end":{"line":4,"column":2}},"1":{"start":{"line":1,"column":45},"end":{"line":4,"column":1}},"2":{"start":{"line":6,"column":27},"end":{"line":9,"column":2}},"3":{"start":{"line":6,"column":44},"end":{"line":9,"column":1}},"4":{"start":{"line":11,"column":28},"end":{"line":14,"column":2}},"5":{"start":{"line":11,"column":39},"end":{"line":14,"column":1}},"6":{"start":{"line":16,"column":26},"end":{"line":19,"column":2}},"7":{"start":{"line":16,"column":37},"end":{"line":19,"column":1}}},"fnMap":{"0":{"name":"(anonymous_0)","decl":{"start":{"line":1,"column":29},"end":{"line":1,"column":30}},"loc":{"start":{"line":1,"column":45},"end":{"line":4,"column":1}},"line":1},"1":{"name":"(anonymous_1)","decl":{"start":{"line":6,"column":27},"end":{"line":6,"column":28}},"loc":{"start":{"line":6,"column":44},"end":{"line":9,"column":1}},"line":6},"2":{"name":"(anonymous_2)","decl":{"start":{"line":11,"column":28},"end":{"line":11,"column":29}},"loc":{"start":{"line":11,"column":39},"end":{"line":14,"column":1}},"line":11},"3":{"name":"(anonymous_3)","decl":{"start":{"line":16,"column":26},"end":{"line":16,"column":27}},"loc":{"start":{"line":16,"column":37},"end":{"line":19,"column":1}},"line":16}},"branchMap":{"0":{"loc":{"start":{"line":1,"column":30},"end":{"line":1,"column":39}},"type":"default-arg","locations":[{"start":{"line":1,"column":37},"end":{"line":1,"column":39}}],"line":1},"1":{"loc":{"start":{"line":6,"column":28},"end":{"line":6,"column":38}},"type":"default-arg","locations":[{"start":{"line":6,"column":36},"end":{"line":6,"column":38}}],"line":6}},"s":{"0":2,"1":2,"2":2,"3":1,"4":2,"5":1,"6":2,"7":1},"f":{"0":2,"1":1,"2":1,"3":1},"b":{"0":[1],"1":[0]},"_coverageSchema":"332fd63041d2c1bcb487cc26dd0d5f7d97098a6c","hash":"e06a91de40fabbb916e33236312a51885d9e35d0"}
,"/Users/stefan/projects/javascript-4-examination/stefan_larsson_js4/src/actions/movies.js": {"path":"/Users/stefan/projects/javascript-4-examination/stefan_larsson_js4/src/actions/movies.js","statementMap":{"0":{"start":{"line":5,"column":24},"end":{"line":8,"column":2}},"1":{"start":{"line":5,"column":36},"end":{"line":8,"column":1}},"2":{"start":{"line":10,"column":29},"end":{"line":28,"column":1}},"3":{"start":{"line":11,"column":4},"end":{"line":27,"column":6}},"4":{"start":{"line":12,"column":20},"end":{"line":12,"column":39}},"5":{"start":{"line":21,"column":12},"end":{"line":21,"column":21}},"6":{"start":{"line":22,"column":22},"end":{"line":22,"column":99}},"7":{"start":{"line":24,"column":8},"end":{"line":26,"column":13}},"8":{"start":{"line":25,"column":12},"end":{"line":25,"column":45}},"9":{"start":{"line":30,"column":27},"end":{"line":33,"column":2}},"10":{"start":{"line":30,"column":45},"end":{"line":33,"column":1}},"11":{"start":{"line":35,"column":32},"end":{"line":41,"column":1}},"12":{"start":{"line":36,"column":4},"end":{"line":40,"column":5}},"13":{"start":{"line":37,"column":8},"end":{"line":39,"column":11}},"14":{"start":{"line":38,"column":12},"end":{"line":38,"column":42}},"15":{"start":{"line":43,"column":25},"end":{"line":47,"column":2}},"16":{"start":{"line":43,"column":45},"end":{"line":47,"column":1}},"17":{"start":{"line":49,"column":30},"end":{"line":55,"column":1}},"18":{"start":{"line":50,"column":4},"end":{"line":54,"column":6}},"19":{"start":{"line":51,"column":8},"end":{"line":53,"column":11}},"20":{"start":{"line":52,"column":11},"end":{"line":52,"column":46}},"21":{"start":{"line":58,"column":4},"end":{"line":61,"column":11}},"22":{"start":{"line":59,"column":25},"end":{"line":59,"column":64}},"23":{"start":{"line":60,"column":12},"end":{"line":60,"column":27}},"24":{"start":{"line":65,"column":4},"end":{"line":67,"column":11}},"25":{"start":{"line":66,"column":12},"end":{"line":66,"column":35}},"26":{"start":{"line":71,"column":4},"end":{"line":74,"column":11}},"27":{"start":{"line":72,"column":25},"end":{"line":72,"column":70}},"28":{"start":{"line":73,"column":12},"end":{"line":73,"column":27}}},"fnMap":{"0":{"name":"(anonymous_0)","decl":{"start":{"line":5,"column":24},"end":{"line":5,"column":25}},"loc":{"start":{"line":5,"column":36},"end":{"line":8,"column":1}},"line":5},"1":{"name":"(anonymous_1)","decl":{"start":{"line":10,"column":29},"end":{"line":10,"column":30}},"loc":{"start":{"line":10,"column":49},"end":{"line":28,"column":1}},"line":10},"2":{"name":"(anonymous_2)","decl":{"start":{"line":11,"column":11},"end":{"line":11,"column":12}},"loc":{"start":{"line":11,"column":35},"end":{"line":27,"column":5}},"line":11},"3":{"name":"(anonymous_3)","decl":{"start":{"line":24,"column":61},"end":{"line":24,"column":62}},"loc":{"start":{"line":24,"column":67},"end":{"line":26,"column":11}},"line":24},"4":{"name":"(anonymous_4)","decl":{"start":{"line":30,"column":27},"end":{"line":30,"column":28}},"loc":{"start":{"line":30,"column":45},"end":{"line":33,"column":1}},"line":30},"5":{"name":"(anonymous_5)","decl":{"start":{"line":35,"column":32},"end":{"line":35,"column":33}},"loc":{"start":{"line":35,"column":49},"end":{"line":41,"column":1}},"line":35},"6":{"name":"(anonymous_6)","decl":{"start":{"line":36,"column":10},"end":{"line":36,"column":11}},"loc":{"start":{"line":36,"column":24},"end":{"line":40,"column":5}},"line":36},"7":{"name":"(anonymous_7)","decl":{"start":{"line":37,"column":64},"end":{"line":37,"column":65}},"loc":{"start":{"line":37,"column":70},"end":{"line":39,"column":9}},"line":37},"8":{"name":"(anonymous_8)","decl":{"start":{"line":43,"column":25},"end":{"line":43,"column":26}},"loc":{"start":{"line":43,"column":45},"end":{"line":47,"column":1}},"line":43},"9":{"name":"(anonymous_9)","decl":{"start":{"line":49,"column":30},"end":{"line":49,"column":31}},"loc":{"start":{"line":49,"column":49},"end":{"line":55,"column":1}},"line":49},"10":{"name":"(anonymous_10)","decl":{"start":{"line":50,"column":10},"end":{"line":50,"column":11}},"loc":{"start":{"line":50,"column":24},"end":{"line":54,"column":5}},"line":50},"11":{"name":"(anonymous_11)","decl":{"start":{"line":51,"column":71},"end":{"line":51,"column":72}},"loc":{"start":{"line":51,"column":77},"end":{"line":53,"column":9}},"line":51},"12":{"name":"fetchListenerMovies","decl":{"start":{"line":57,"column":16},"end":{"line":57,"column":35}},"loc":{"start":{"line":57,"column":51},"end":{"line":62,"column":1}},"line":57},"13":{"name":"(anonymous_13)","decl":{"start":{"line":58,"column":26},"end":{"line":58,"column":27}},"loc":{"start":{"line":58,"column":40},"end":{"line":61,"column":9}},"line":58},"14":{"name":"removeListenerMovie","decl":{"start":{"line":64,"column":16},"end":{"line":64,"column":35}},"loc":{"start":{"line":64,"column":51},"end":{"line":68,"column":1}},"line":64},"15":{"name":"(anonymous_15)","decl":{"start":{"line":65,"column":28},"end":{"line":65,"column":29}},"loc":{"start":{"line":65,"column":42},"end":{"line":67,"column":9}},"line":65},"16":{"name":"changedListenerMovie","decl":{"start":{"line":70,"column":16},"end":{"line":70,"column":36}},"loc":{"start":{"line":70,"column":52},"end":{"line":75,"column":1}},"line":70},"17":{"name":"(anonymous_17)","decl":{"start":{"line":71,"column":28},"end":{"line":71,"column":29}},"loc":{"start":{"line":71,"column":42},"end":{"line":74,"column":9}},"line":71}},"branchMap":{"0":{"loc":{"start":{"line":10,"column":30},"end":{"line":10,"column":44}},"type":"default-arg","locations":[{"start":{"line":10,"column":42},"end":{"line":10,"column":44}}],"line":10},"1":{"loc":{"start":{"line":14,"column":12},"end":{"line":14,"column":22}},"type":"default-arg","locations":[{"start":{"line":14,"column":20},"end":{"line":14,"column":22}}],"line":14},"2":{"loc":{"start":{"line":15,"column":12},"end":{"line":15,"column":28}},"type":"default-arg","locations":[{"start":{"line":15,"column":26},"end":{"line":15,"column":28}}],"line":15},"3":{"loc":{"start":{"line":16,"column":12},"end":{"line":16,"column":25}},"type":"default-arg","locations":[{"start":{"line":16,"column":23},"end":{"line":16,"column":25}}],"line":16},"4":{"loc":{"start":{"line":17,"column":12},"end":{"line":17,"column":22}},"type":"default-arg","locations":[{"start":{"line":17,"column":20},"end":{"line":17,"column":22}}],"line":17},"5":{"loc":{"start":{"line":18,"column":12},"end":{"line":18,"column":28}},"type":"default-arg","locations":[{"start":{"line":18,"column":26},"end":{"line":18,"column":28}}],"line":18},"6":{"loc":{"start":{"line":19,"column":12},"end":{"line":19,"column":23}},"type":"default-arg","locations":[{"start":{"line":19,"column":22},"end":{"line":19,"column":23}}],"line":19},"7":{"loc":{"start":{"line":20,"column":12},"end":{"line":20,"column":25}},"type":"default-arg","locations":[{"start":{"line":20,"column":24},"end":{"line":20,"column":25}}],"line":20},"8":{"loc":{"start":{"line":30,"column":28},"end":{"line":30,"column":39}},"type":"default-arg","locations":[{"start":{"line":30,"column":37},"end":{"line":30,"column":39}}],"line":30},"9":{"loc":{"start":{"line":35,"column":33},"end":{"line":35,"column":44}},"type":"default-arg","locations":[{"start":{"line":35,"column":42},"end":{"line":35,"column":44}}],"line":35}},"s":{"0":3,"1":1,"2":3,"3":0,"4":0,"5":0,"6":0,"7":0,"8":0,"9":3,"10":2,"11":3,"12":1,"13":1,"14":1,"15":3,"16":2,"17":3,"18":1,"19":1,"20":1,"21":0,"22":0,"23":0,"24":0,"25":0,"26":0,"27":0,"28":0},"f":{"0":1,"1":0,"2":0,"3":0,"4":2,"5":1,"6":1,"7":1,"8":2,"9":1,"10":1,"11":1,"12":0,"13":0,"14":0,"15":0,"16":0,"17":0},"b":{"0":[0],"1":[0],"2":[0],"3":[0],"4":[0],"5":[0],"6":[0],"7":[0],"8":[0],"9":[0]},"_coverageSchema":"332fd63041d2c1bcb487cc26dd0d5f7d97098a6c","hash":"764327d40dbaf0961d309feaa84b37e6e6dfd7ca"}
,"/Users/stefan/projects/javascript-4-examination/stefan_larsson_js4/src/components/AddMoviePage.js": {"path":"/Users/stefan/projects/javascript-4-examination/stefan_larsson_js4/src/components/AddMoviePage.js","statementMap":{"0":{"start":{"line":9,"column":8},"end":{"line":9,"column":40}},"1":{"start":{"line":10,"column":8},"end":{"line":10,"column":37}},"2":{"start":{"line":13,"column":8},"end":{"line":22,"column":10}},"3":{"start":{"line":26,"column":27},"end":{"line":28,"column":2}},"4":{"start":{"line":26,"column":42},"end":{"line":28,"column":1}},"5":{"start":{"line":27,"column":30},"end":{"line":27,"column":60}}},"fnMap":{"0":{"name":"(anonymous_0)","decl":{"start":{"line":8,"column":15},"end":{"line":8,"column":16}},"loc":{"start":{"line":8,"column":26},"end":{"line":11,"column":5}},"line":8},"1":{"name":"(anonymous_1)","decl":{"start":{"line":12,"column":4},"end":{"line":12,"column":5}},"loc":{"start":{"line":12,"column":13},"end":{"line":23,"column":5}},"line":12},"2":{"name":"(anonymous_2)","decl":{"start":{"line":26,"column":27},"end":{"line":26,"column":28}},"loc":{"start":{"line":26,"column":42},"end":{"line":28,"column":1}},"line":26},"3":{"name":"(anonymous_3)","decl":{"start":{"line":27,"column":19},"end":{"line":27,"column":20}},"loc":{"start":{"line":27,"column":30},"end":{"line":27,"column":60}},"line":27}},"branchMap":{},"s":{"0":1,"1":1,"2":2,"3":1,"4":0,"5":0},"f":{"0":1,"1":2,"2":0,"3":0},"b":{},"_coverageSchema":"332fd63041d2c1bcb487cc26dd0d5f7d97098a6c","hash":"0cde5cb8b0bea54da75b7e3f7d25e0c3f0f2d451"}
,"/Users/stefan/projects/javascript-4-examination/stefan_larsson_js4/src/components/DashboardPage.js": {"path":"/Users/stefan/projects/javascript-4-examination/stefan_larsson_js4/src/components/DashboardPage.js","statementMap":{"0":{"start":{"line":6,"column":22},"end":{"line":13,"column":1}},"1":{"start":{"line":7,"column":4},"end":{"line":12,"column":10}}},"fnMap":{"0":{"name":"(anonymous_0)","decl":{"start":{"line":6,"column":22},"end":{"line":6,"column":23}},"loc":{"start":{"line":7,"column":4},"end":{"line":12,"column":10}},"line":7}},"branchMap":{},"s":{"0":1,"1":1},"f":{"0":1},"b":{},"_coverageSchema":"332fd63041d2c1bcb487cc26dd0d5f7d97098a6c","hash":"0f9fd3c7d25849abdd226f0292a8393e05de7b02"}
,"/Users/stefan/projects/javascript-4-examination/stefan_larsson_js4/src/components/EditMoviePage.js": {"path":"/Users/stefan/projects/javascript-4-examination/stefan_larsson_js4/src/components/EditMoviePage.js","statementMap":{"0":{"start":{"line":9,"column":8},"end":{"line":10,"column":37}},"1":{"start":{"line":13,"column":8},"end":{"line":14,"column":37}},"2":{"start":{"line":17,"column":8},"end":{"line":27,"column":10}},"3":{"start":{"line":31,"column":24},"end":{"line":35,"column":1}},"4":{"start":{"line":32,"column":4},"end":{"line":34,"column":6}},"5":{"start":{"line":33,"column":44},"end":{"line":33,"column":78}},"6":{"start":{"line":37,"column":27},"end":{"line":40,"column":2}},"7":{"start":{"line":37,"column":42},"end":{"line":40,"column":1}},"8":{"start":{"line":38,"column":35},"end":{"line":38,"column":70}},"9":{"start":{"line":39,"column":32},"end":{"line":39,"column":64}}},"fnMap":{"0":{"name":"(anonymous_0)","decl":{"start":{"line":8,"column":15},"end":{"line":8,"column":16}},"loc":{"start":{"line":8,"column":26},"end":{"line":11,"column":5}},"line":8},"1":{"name":"(anonymous_1)","decl":{"start":{"line":12,"column":15},"end":{"line":12,"column":16}},"loc":{"start":{"line":12,"column":21},"end":{"line":15,"column":5}},"line":12},"2":{"name":"(anonymous_2)","decl":{"start":{"line":16,"column":4},"end":{"line":16,"column":5}},"loc":{"start":{"line":16,"column":13},"end":{"line":28,"column":5}},"line":16},"3":{"name":"(anonymous_3)","decl":{"start":{"line":31,"column":24},"end":{"line":31,"column":25}},"loc":{"start":{"line":31,"column":42},"end":{"line":35,"column":1}},"line":31},"4":{"name":"(anonymous_4)","decl":{"start":{"line":33,"column":33},"end":{"line":33,"column":34}},"loc":{"start":{"line":33,"column":44},"end":{"line":33,"column":78}},"line":33},"5":{"name":"(anonymous_5)","decl":{"start":{"line":37,"column":27},"end":{"line":37,"column":28}},"loc":{"start":{"line":37,"column":42},"end":{"line":40,"column":1}},"line":37},"6":{"name":"(anonymous_6)","decl":{"start":{"line":38,"column":20},"end":{"line":38,"column":21}},"loc":{"start":{"line":38,"column":35},"end":{"line":38,"column":70}},"line":38},"7":{"name":"(anonymous_7)","decl":{"start":{"line":39,"column":22},"end":{"line":39,"column":23}},"loc":{"start":{"line":39,"column":32},"end":{"line":39,"column":64}},"line":39}},"branchMap":{},"s":{"0":1,"1":1,"2":3,"3":1,"4":0,"5":0,"6":1,"7":0,"8":0,"9":0},"f":{"0":1,"1":1,"2":3,"3":0,"4":0,"5":0,"6":0,"7":0},"b":{},"_coverageSchema":"332fd63041d2c1bcb487cc26dd0d5f7d97098a6c","hash":"7247dd8a121315424b0ca4056fbd8454b26c6793"}
,"/Users/stefan/projects/javascript-4-examination/stefan_larsson_js4/src/components/Header.js": {"path":"/Users/stefan/projects/javascript-4-examination/stefan_larsson_js4/src/components/Header.js","statementMap":{"0":{"start":{"line":13,"column":22},"end":{"line":31,"column":1}},"1":{"start":{"line":14,"column":4},"end":{"line":30,"column":13}},"2":{"start":{"line":33,"column":27},"end":{"line":35,"column":2}},"3":{"start":{"line":33,"column":42},"end":{"line":35,"column":1}},"4":{"start":{"line":34,"column":21},"end":{"line":34,"column":44}}},"fnMap":{"0":{"name":"(anonymous_0)","decl":{"start":{"line":13,"column":22},"end":{"line":13,"column":23}},"loc":{"start":{"line":14,"column":4},"end":{"line":30,"column":13}},"line":14},"1":{"name":"(anonymous_1)","decl":{"start":{"line":33,"column":27},"end":{"line":33,"column":28}},"loc":{"start":{"line":33,"column":42},"end":{"line":35,"column":1}},"line":33},"2":{"name":"(anonymous_2)","decl":{"start":{"line":34,"column":15},"end":{"line":34,"column":16}},"loc":{"start":{"line":34,"column":21},"end":{"line":34,"column":44}},"line":34}},"branchMap":{},"s":{"0":1,"1":2,"2":1,"3":0,"4":0},"f":{"0":2,"1":0,"2":0},"b":{},"_coverageSchema":"332fd63041d2c1bcb487cc26dd0d5f7d97098a6c","hash":"9c7fea1df7268fd1d38899ab0fe6275e6ad60962"}
,"/Users/stefan/projects/javascript-4-examination/stefan_larsson_js4/src/components/LoadingPage.js": {"path":"/Users/stefan/projects/javascript-4-examination/stefan_larsson_js4/src/components/LoadingPage.js","statementMap":{"0":{"start":{"line":3,"column":20},"end":{"line":7,"column":1}},"1":{"start":{"line":4,"column":2},"end":{"line":6,"column":8}}},"fnMap":{"0":{"name":"(anonymous_0)","decl":{"start":{"line":3,"column":20},"end":{"line":3,"column":21}},"loc":{"start":{"line":4,"column":2},"end":{"line":6,"column":8}},"line":4}},"branchMap":{},"s":{"0":1,"1":1},"f":{"0":1},"b":{},"_coverageSchema":"332fd63041d2c1bcb487cc26dd0d5f7d97098a6c","hash":"e8b2c52d1518c1fd289941744466de2008e244d5"}
,"/Users/stefan/projects/javascript-4-examination/stefan_larsson_js4/src/components/LoginPage.js": {"path":"/Users/stefan/projects/javascript-4-examination/stefan_larsson_js4/src/components/LoginPage.js","statementMap":{"0":{"start":{"line":16,"column":8},"end":{"line":18,"column":12}},"1":{"start":{"line":16,"column":29},"end":{"line":18,"column":9}},"2":{"start":{"line":21,"column":8},"end":{"line":23,"column":12}},"3":{"start":{"line":21,"column":29},"end":{"line":23,"column":9}},"4":{"start":{"line":26,"column":8},"end":{"line":28,"column":12}},"5":{"start":{"line":26,"column":29},"end":{"line":28,"column":9}},"6":{"start":{"line":31,"column":8},"end":{"line":31,"column":32}},"7":{"start":{"line":35,"column":8},"end":{"line":35,"column":27}},"8":{"start":{"line":36,"column":22},"end":{"line":36,"column":42}},"9":{"start":{"line":37,"column":25},"end":{"line":37,"column":48}},"10":{"start":{"line":39,"column":8},"end":{"line":39,"column":41}},"11":{"start":{"line":42,"column":8},"end":{"line":42,"column":27}},"12":{"start":{"line":43,"column":22},"end":{"line":43,"column":42}},"13":{"start":{"line":44,"column":25},"end":{"line":44,"column":48}},"14":{"start":{"line":46,"column":8},"end":{"line":46,"column":38}},"15":{"start":{"line":49,"column":8},"end":{"line":119,"column":10}},"16":{"start":{"line":123,"column":27},"end":{"line":125,"column":2}},"17":{"start":{"line":123,"column":42},"end":{"line":125,"column":1}},"18":{"start":{"line":124,"column":20},"end":{"line":124,"column":42}}},"fnMap":{"0":{"name":"(anonymous_0)","decl":{"start":{"line":15,"column":13},"end":{"line":15,"column":14}},"loc":{"start":{"line":15,"column":19},"end":{"line":19,"column":5}},"line":15},"1":{"name":"(anonymous_1)","decl":{"start":{"line":16,"column":22},"end":{"line":16,"column":23}},"loc":{"start":{"line":16,"column":29},"end":{"line":18,"column":9}},"line":16},"2":{"name":"(anonymous_2)","decl":{"start":{"line":20,"column":26},"end":{"line":20,"column":27}},"loc":{"start":{"line":20,"column":32},"end":{"line":24,"column":5}},"line":20},"3":{"name":"(anonymous_3)","decl":{"start":{"line":21,"column":22},"end":{"line":21,"column":23}},"loc":{"start":{"line":21,"column":29},"end":{"line":23,"column":9}},"line":21},"4":{"name":"(anonymous_4)","decl":{"start":{"line":25,"column":23},"end":{"line":25,"column":24}},"loc":{"start":{"line":25,"column":29},"end":{"line":29,"column":5}},"line":25},"5":{"name":"(anonymous_5)","decl":{"start":{"line":26,"column":22},"end":{"line":26,"column":23}},"loc":{"start":{"line":26,"column":29},"end":{"line":28,"column":9}},"line":26},"6":{"name":"(anonymous_6)","decl":{"start":{"line":30,"column":17},"end":{"line":30,"column":18}},"loc":{"start":{"line":30,"column":23},"end":{"line":32,"column":5}},"line":30},"7":{"name":"(anonymous_7)","decl":{"start":{"line":34,"column":17},"end":{"line":34,"column":18}},"loc":{"start":{"line":34,"column":24},"end":{"line":40,"column":5}},"line":34},"8":{"name":"(anonymous_8)","decl":{"start":{"line":41,"column":14},"end":{"line":41,"column":15}},"loc":{"start":{"line":41,"column":21},"end":{"line":47,"column":5}},"line":41},"9":{"name":"(anonymous_9)","decl":{"start":{"line":48,"column":4},"end":{"line":48,"column":5}},"loc":{"start":{"line":48,"column":13},"end":{"line":120,"column":5}},"line":48},"10":{"name":"(anonymous_10)","decl":{"start":{"line":123,"column":27},"end":{"line":123,"column":28}},"loc":{"start":{"line":123,"column":42},"end":{"line":125,"column":1}},"line":123},"11":{"name":"(anonymous_11)","decl":{"start":{"line":124,"column":14},"end":{"line":124,"column":15}},"loc":{"start":{"line":124,"column":20},"end":{"line":124,"column":42}},"line":124}},"branchMap":{},"s":{"0":0,"1":0,"2":0,"3":0,"4":0,"5":0,"6":1,"7":0,"8":0,"9":0,"10":0,"11":0,"12":0,"13":0,"14":0,"15":2,"16":1,"17":0,"18":0},"f":{"0":0,"1":0,"2":0,"3":0,"4":0,"5":0,"6":1,"7":0,"8":0,"9":2,"10":0,"11":0},"b":{},"_coverageSchema":"332fd63041d2c1bcb487cc26dd0d5f7d97098a6c","hash":"805a784d4dabff7c57cf1bbd60559b1f2d64abf8"}
,"/Users/stefan/projects/javascript-4-examination/stefan_larsson_js4/src/components/MovieForm.js": {"path":"/Users/stefan/projects/javascript-4-examination/stefan_larsson_js4/src/components/MovieForm.js","statementMap":{"0":{"start":{"line":8,"column":8},"end":{"line":8,"column":21}},"1":{"start":{"line":10,"column":8},"end":{"line":20,"column":10}},"2":{"start":{"line":24,"column":22},"end":{"line":24,"column":36}},"3":{"start":{"line":25,"column":8},"end":{"line":25,"column":41}},"4":{"start":{"line":25,"column":29},"end":{"line":25,"column":38}},"5":{"start":{"line":28,"column":28},"end":{"line":28,"column":42}},"6":{"start":{"line":29,"column":8},"end":{"line":29,"column":47}},"7":{"start":{"line":29,"column":29},"end":{"line":29,"column":44}},"8":{"start":{"line":32,"column":25},"end":{"line":32,"column":39}},"9":{"start":{"line":33,"column":8},"end":{"line":33,"column":44}},"10":{"start":{"line":33,"column":29},"end":{"line":33,"column":41}},"11":{"start":{"line":36,"column":22},"end":{"line":36,"column":36}},"12":{"start":{"line":37,"column":8},"end":{"line":37,"column":41}},"13":{"start":{"line":37,"column":29},"end":{"line":37,"column":38}},"14":{"start":{"line":40,"column":28},"end":{"line":40,"column":42}},"15":{"start":{"line":41,"column":8},"end":{"line":41,"column":47}},"16":{"start":{"line":41,"column":29},"end":{"line":41,"column":44}},"17":{"start":{"line":44,"column":24},"end":{"line":44,"column":38}},"18":{"start":{"line":45,"column":8},"end":{"line":47,"column":9}},"19":{"start":{"line":46,"column":12},"end":{"line":46,"column":47}},"20":{"start":{"line":46,"column":33},"end":{"line":46,"column":44}},"21":{"start":{"line":50,"column":8},"end":{"line":52,"column":9}},"22":{"start":{"line":51,"column":12},"end":{"line":51,"column":49}},"23":{"start":{"line":51,"column":33},"end":{"line":51,"column":46}},"24":{"start":{"line":55,"column":8},"end":{"line":55,"column":60}},"25":{"start":{"line":55,"column":29},"end":{"line":55,"column":57}},"26":{"start":{"line":58,"column":8},"end":{"line":58,"column":27}},"27":{"start":{"line":60,"column":8},"end":{"line":81,"column":9}},"28":{"start":{"line":69,"column":12},"end":{"line":69,"column":74}},"29":{"start":{"line":69,"column":33},"end":{"line":69,"column":71}},"30":{"start":{"line":71,"column":12},"end":{"line":71,"column":49}},"31":{"start":{"line":71,"column":33},"end":{"line":71,"column":46}},"32":{"start":{"line":72,"column":12},"end":{"line":80,"column":15}},"33":{"start":{"line":85,"column":8},"end":{"line":169,"column":9}},"34":{"start":{"line":161,"column":50},"end":{"line":161,"column":55}}},"fnMap":{"0":{"name":"(anonymous_0)","decl":{"start":{"line":7,"column":4},"end":{"line":7,"column":5}},"loc":{"start":{"line":7,"column":23},"end":{"line":21,"column":5}},"line":7},"1":{"name":"(anonymous_1)","decl":{"start":{"line":23,"column":20},"end":{"line":23,"column":21}},"loc":{"start":{"line":23,"column":27},"end":{"line":26,"column":5}},"line":23},"2":{"name":"(anonymous_2)","decl":{"start":{"line":25,"column":22},"end":{"line":25,"column":23}},"loc":{"start":{"line":25,"column":29},"end":{"line":25,"column":38}},"line":25},"3":{"name":"(anonymous_3)","decl":{"start":{"line":27,"column":26},"end":{"line":27,"column":27}},"loc":{"start":{"line":27,"column":33},"end":{"line":30,"column":5}},"line":27},"4":{"name":"(anonymous_4)","decl":{"start":{"line":29,"column":22},"end":{"line":29,"column":23}},"loc":{"start":{"line":29,"column":29},"end":{"line":29,"column":44}},"line":29},"5":{"name":"(anonymous_5)","decl":{"start":{"line":31,"column":23},"end":{"line":31,"column":24}},"loc":{"start":{"line":31,"column":30},"end":{"line":34,"column":5}},"line":31},"6":{"name":"(anonymous_6)","decl":{"start":{"line":33,"column":22},"end":{"line":33,"column":23}},"loc":{"start":{"line":33,"column":29},"end":{"line":33,"column":41}},"line":33},"7":{"name":"(anonymous_7)","decl":{"start":{"line":35,"column":20},"end":{"line":35,"column":21}},"loc":{"start":{"line":35,"column":27},"end":{"line":38,"column":5}},"line":35},"8":{"name":"(anonymous_8)","decl":{"start":{"line":37,"column":22},"end":{"line":37,"column":23}},"loc":{"start":{"line":37,"column":29},"end":{"line":37,"column":38}},"line":37},"9":{"name":"(anonymous_9)","decl":{"start":{"line":39,"column":26},"end":{"line":39,"column":27}},"loc":{"start":{"line":39,"column":33},"end":{"line":42,"column":5}},"line":39},"10":{"name":"(anonymous_10)","decl":{"start":{"line":41,"column":22},"end":{"line":41,"column":23}},"loc":{"start":{"line":41,"column":29},"end":{"line":41,"column":44}},"line":41},"11":{"name":"(anonymous_11)","decl":{"start":{"line":43,"column":22},"end":{"line":43,"column":23}},"loc":{"start":{"line":43,"column":29},"end":{"line":48,"column":5}},"line":43},"12":{"name":"(anonymous_12)","decl":{"start":{"line":46,"column":26},"end":{"line":46,"column":27}},"loc":{"start":{"line":46,"column":33},"end":{"line":46,"column":44}},"line":46},"13":{"name":"(anonymous_13)","decl":{"start":{"line":49,"column":19},"end":{"line":49,"column":20}},"loc":{"start":{"line":49,"column":34},"end":{"line":53,"column":5}},"line":49},"14":{"name":"(anonymous_14)","decl":{"start":{"line":51,"column":26},"end":{"line":51,"column":27}},"loc":{"start":{"line":51,"column":33},"end":{"line":51,"column":46}},"line":51},"15":{"name":"(anonymous_15)","decl":{"start":{"line":54,"column":20},"end":{"line":54,"column":21}},"loc":{"start":{"line":54,"column":37},"end":{"line":56,"column":5}},"line":54},"16":{"name":"(anonymous_16)","decl":{"start":{"line":55,"column":22},"end":{"line":55,"column":23}},"loc":{"start":{"line":55,"column":29},"end":{"line":55,"column":57}},"line":55},"17":{"name":"(anonymous_17)","decl":{"start":{"line":57,"column":15},"end":{"line":57,"column":16}},"loc":{"start":{"line":57,"column":22},"end":{"line":82,"column":5}},"line":57},"18":{"name":"(anonymous_18)","decl":{"start":{"line":69,"column":26},"end":{"line":69,"column":27}},"loc":{"start":{"line":69,"column":33},"end":{"line":69,"column":71}},"line":69},"19":{"name":"(anonymous_19)","decl":{"start":{"line":71,"column":26},"end":{"line":71,"column":27}},"loc":{"start":{"line":71,"column":33},"end":{"line":71,"column":46}},"line":71},"20":{"name":"(anonymous_20)","decl":{"start":{"line":84,"column":4},"end":{"line":84,"column":5}},"loc":{"start":{"line":84,"column":13},"end":{"line":170,"column":5}},"line":84},"21":{"name":"(anonymous_21)","decl":{"start":{"line":161,"column":44},"end":{"line":161,"column":45}},"loc":{"start":{"line":161,"column":50},"end":{"line":161,"column":55}},"line":161}},"branchMap":{"0":{"loc":{"start":{"line":11,"column":19},"end":{"line":11,"column":55}},"type":"cond-expr","locations":[{"start":{"line":11,"column":33},"end":{"line":11,"column":50}},{"start":{"line":11,"column":53},"end":{"line":11,"column":55}}],"line":11},"1":{"loc":{"start":{"line":12,"column":25},"end":{"line":12,"column":67}},"type":"cond-expr","locations":[{"start":{"line":12,"column":39},"end":{"line":12,"column":62}},{"start":{"line":12,"column":65},"end":{"line":12,"column":67}}],"line":12},"2":{"loc":{"start":{"line":13,"column":22},"end":{"line":13,"column":61}},"type":"cond-expr","locations":[{"start":{"line":13,"column":36},"end":{"line":13,"column":56}},{"start":{"line":13,"column":59},"end":{"line":13,"column":61}}],"line":13},"3":{"loc":{"start":{"line":14,"column":19},"end":{"line":14,"column":55}},"type":"cond-expr","locations":[{"start":{"line":14,"column":33},"end":{"line":14,"column":50}},{"start":{"line":14,"column":53},"end":{"line":14,"column":55}}],"line":14},"4":{"loc":{"start":{"line":15,"column":25},"end":{"line":15,"column":67}},"type":"cond-expr","locations":[{"start":{"line":15,"column":39},"end":{"line":15,"column":62}},{"start":{"line":15,"column":65},"end":{"line":15,"column":67}}],"line":15},"5":{"loc":{"start":{"line":16,"column":21},"end":{"line":16,"column":58}},"type":"cond-expr","locations":[{"start":{"line":16,"column":35},"end":{"line":16,"column":54}},{"start":{"line":16,"column":57},"end":{"line":16,"column":58}}],"line":16},"6":{"loc":{"start":{"line":17,"column":23},"end":{"line":17,"column":77}},"type":"cond-expr","locations":[{"start":{"line":17,"column":37},"end":{"line":17,"column":66}},{"start":{"line":17,"column":69},"end":{"line":17,"column":77}}],"line":17},"7":{"loc":{"start":{"line":45,"column":8},"end":{"line":47,"column":9}},"type":"if","locations":[{"start":{"line":45,"column":8},"end":{"line":47,"column":9}},{"start":{"line":45,"column":8},"end":{"line":47,"column":9}}],"line":45},"8":{"loc":{"start":{"line":45,"column":11},"end":{"line":45,"column":38}},"type":"binary-expr","locations":[{"start":{"line":45,"column":11},"end":{"line":45,"column":22}},{"start":{"line":45,"column":26},"end":{"line":45,"column":38}}],"line":45},"9":{"loc":{"start":{"line":50,"column":8},"end":{"line":52,"column":9}},"type":"if","locations":[{"start":{"line":50,"column":8},"end":{"line":52,"column":9}},{"start":{"line":50,"column":8},"end":{"line":52,"column":9}}],"line":50},"10":{"loc":{"start":{"line":60,"column":8},"end":{"line":81,"column":9}},"type":"if","locations":[{"start":{"line":60,"column":8},"end":{"line":81,"column":9}},{"start":{"line":60,"column":8},"end":{"line":81,"column":9}}],"line":60},"11":{"loc":{"start":{"line":61,"column":12},"end":{"line":67,"column":33}},"type":"binary-expr","locations":[{"start":{"line":61,"column":12},"end":{"line":61,"column":29}},{"start":{"line":62,"column":12},"end":{"line":62,"column":35}},{"start":{"line":63,"column":12},"end":{"line":63,"column":32}},{"start":{"line":64,"column":12},"end":{"line":64,"column":29}},{"start":{"line":65,"column":12},"end":{"line":65,"column":35}},{"start":{"line":66,"column":12},"end":{"line":66,"column":31}},{"start":{"line":67,"column":12},"end":{"line":67,"column":33}}],"line":61},"12":{"loc":{"start":{"line":88,"column":21},"end":{"line":88,"column":66}},"type":"binary-expr","locations":[{"start":{"line":88,"column":21},"end":{"line":88,"column":37}},{"start":{"line":88,"column":41},"end":{"line":88,"column":66}}],"line":88},"13":{"loc":{"start":{"line":165,"column":25},"end":{"line":165,"column":122}},"type":"cond-expr","locations":[{"start":{"line":165,"column":44},"end":{"line":165,"column":83}},{"start":{"line":165,"column":86},"end":{"line":165,"column":122}}],"line":165}},"s":{"0":9,"1":9,"2":1,"3":1,"4":1,"5":1,"6":1,"7":1,"8":1,"9":1,"10":1,"11":0,"12":0,"13":0,"14":0,"15":0,"16":0,"17":0,"18":0,"19":0,"20":0,"21":1,"22":1,"23":1,"24":1,"25":1,"26":2,"27":2,"28":1,"29":1,"30":1,"31":1,"32":1,"33":16,"34":0},"f":{"0":9,"1":1,"2":1,"3":1,"4":1,"5":1,"6":1,"7":0,"8":0,"9":0,"10":0,"11":0,"12":0,"13":1,"14":1,"15":1,"16":1,"17":2,"18":1,"19":1,"20":16,"21":0},"b":{"0":[2,7],"1":[2,7],"2":[2,7],"3":[2,7],"4":[2,7],"5":[2,7],"6":[2,7],"7":[0,0],"8":[0,0],"9":[1,0],"10":[1,1],"11":[2,1,1,1,1,1,1],"12":[16,1],"13":[3,13]},"_coverageSchema":"332fd63041d2c1bcb487cc26dd0d5f7d97098a6c","hash":"1561b3700d2e21fd74430e9dbe319097d3fb3dee"}
,"/Users/stefan/projects/javascript-4-examination/stefan_larsson_js4/src/components/MovieList.js": {"path":"/Users/stefan/projects/javascript-4-examination/stefan_larsson_js4/src/components/MovieList.js","statementMap":{"0":{"start":{"line":7,"column":25},"end":{"line":18,"column":1}},"1":{"start":{"line":8,"column":4},"end":{"line":17,"column":10}},"2":{"start":{"line":14,"column":20},"end":{"line":14,"column":107}},"3":{"start":{"line":20,"column":24},"end":{"line":24,"column":1}},"4":{"start":{"line":21,"column":4},"end":{"line":23,"column":6}}},"fnMap":{"0":{"name":"(anonymous_0)","decl":{"start":{"line":7,"column":25},"end":{"line":7,"column":26}},"loc":{"start":{"line":8,"column":4},"end":{"line":17,"column":10}},"line":8},"1":{"name":"(anonymous_1)","decl":{"start":{"line":13,"column":34},"end":{"line":13,"column":35}},"loc":{"start":{"line":13,"column":45},"end":{"line":15,"column":17}},"line":13},"2":{"name":"(anonymous_2)","decl":{"start":{"line":20,"column":24},"end":{"line":20,"column":25}},"loc":{"start":{"line":20,"column":35},"end":{"line":24,"column":1}},"line":20}},"branchMap":{"0":{"loc":{"start":{"line":12,"column":13},"end":{"line":12,"column":58}},"type":"binary-expr","locations":[{"start":{"line":12,"column":13},"end":{"line":12,"column":38}},{"start":{"line":12,"column":42},"end":{"line":12,"column":58}}],"line":12}},"s":{"0":2,"1":2,"2":3,"3":2,"4":0},"f":{"0":2,"1":3,"2":0},"b":{"0":[2,1]},"_coverageSchema":"332fd63041d2c1bcb487cc26dd0d5f7d97098a6c","hash":"140a40fab8555bb11ec642d0368ea96f78ec632e"}
,"/Users/stefan/projects/javascript-4-examination/stefan_larsson_js4/src/components/MovieListFilters.js": {"path":"/Users/stefan/projects/javascript-4-examination/stefan_larsson_js4/src/components/MovieListFilters.js","statementMap":{"0":{"start":{"line":12,"column":8},"end":{"line":12,"column":53}},"1":{"start":{"line":13,"column":8},"end":{"line":13,"column":49}},"2":{"start":{"line":16,"column":8},"end":{"line":16,"column":51}},"3":{"start":{"line":16,"column":29},"end":{"line":16,"column":48}},"4":{"start":{"line":19,"column":8},"end":{"line":94,"column":10}},"5":{"start":{"line":28,"column":32},"end":{"line":28,"column":83}},"6":{"start":{"line":37,"column":32},"end":{"line":65,"column":33}},"7":{"start":{"line":39,"column":40},"end":{"line":39,"column":77}},"8":{"start":{"line":40,"column":40},"end":{"line":40,"column":46}},"9":{"start":{"line":42,"column":40},"end":{"line":42,"column":83}},"10":{"start":{"line":43,"column":40},"end":{"line":43,"column":46}},"11":{"start":{"line":45,"column":40},"end":{"line":45,"column":83}},"12":{"start":{"line":46,"column":40},"end":{"line":46,"column":46}},"13":{"start":{"line":48,"column":40},"end":{"line":48,"column":83}},"14":{"start":{"line":49,"column":40},"end":{"line":49,"column":46}},"15":{"start":{"line":51,"column":40},"end":{"line":51,"column":80}},"16":{"start":{"line":52,"column":40},"end":{"line":52,"column":46}},"17":{"start":{"line":54,"column":40},"end":{"line":54,"column":82}},"18":{"start":{"line":55,"column":40},"end":{"line":55,"column":46}},"19":{"start":{"line":57,"column":40},"end":{"line":57,"column":82}},"20":{"start":{"line":58,"column":40},"end":{"line":58,"column":46}},"21":{"start":{"line":60,"column":40},"end":{"line":60,"column":88}},"22":{"start":{"line":61,"column":40},"end":{"line":61,"column":46}},"23":{"start":{"line":63,"column":40},"end":{"line":63,"column":77}},"24":{"start":{"line":64,"column":40},"end":{"line":64,"column":46}},"25":{"start":{"line":89,"column":50},"end":{"line":89,"column":55}},"26":{"start":{"line":98,"column":24},"end":{"line":102,"column":1}},"27":{"start":{"line":99,"column":4},"end":{"line":101,"column":6}}},"fnMap":{"0":{"name":"(anonymous_0)","decl":{"start":{"line":11,"column":20},"end":{"line":11,"column":21}},"loc":{"start":{"line":11,"column":48},"end":{"line":14,"column":5}},"line":11},"1":{"name":"(anonymous_1)","decl":{"start":{"line":15,"column":20},"end":{"line":15,"column":21}},"loc":{"start":{"line":15,"column":41},"end":{"line":17,"column":5}},"line":15},"2":{"name":"(anonymous_2)","decl":{"start":{"line":16,"column":22},"end":{"line":16,"column":23}},"loc":{"start":{"line":16,"column":29},"end":{"line":16,"column":48}},"line":16},"3":{"name":"(anonymous_3)","decl":{"start":{"line":18,"column":4},"end":{"line":18,"column":5}},"loc":{"start":{"line":18,"column":13},"end":{"line":95,"column":5}},"line":18},"4":{"name":"(anonymous_4)","decl":{"start":{"line":27,"column":38},"end":{"line":27,"column":39}},"loc":{"start":{"line":27,"column":45},"end":{"line":29,"column":29}},"line":27},"5":{"name":"(anonymous_5)","decl":{"start":{"line":36,"column":38},"end":{"line":36,"column":39}},"loc":{"start":{"line":36,"column":45},"end":{"line":66,"column":29}},"line":36},"6":{"name":"(anonymous_6)","decl":{"start":{"line":89,"column":44},"end":{"line":89,"column":45}},"loc":{"start":{"line":89,"column":50},"end":{"line":89,"column":55}},"line":89},"7":{"name":"(anonymous_7)","decl":{"start":{"line":98,"column":24},"end":{"line":98,"column":25}},"loc":{"start":{"line":98,"column":35},"end":{"line":102,"column":1}},"line":98}},"branchMap":{"0":{"loc":{"start":{"line":37,"column":32},"end":{"line":65,"column":33}},"type":"switch","locations":[{"start":{"line":38,"column":36},"end":{"line":40,"column":46}},{"start":{"line":41,"column":36},"end":{"line":43,"column":46}},{"start":{"line":44,"column":36},"end":{"line":46,"column":46}},{"start":{"line":47,"column":36},"end":{"line":49,"column":46}},{"start":{"line":50,"column":36},"end":{"line":52,"column":46}},{"start":{"line":53,"column":36},"end":{"line":55,"column":46}},{"start":{"line":56,"column":36},"end":{"line":58,"column":46}},{"start":{"line":59,"column":36},"end":{"line":61,"column":46}},{"start":{"line":62,"column":36},"end":{"line":64,"column":46}}],"line":37}},"s":{"0":0,"1":0,"2":0,"3":0,"4":0,"5":0,"6":0,"7":0,"8":0,"9":0,"10":0,"11":0,"12":0,"13":0,"14":0,"15":0,"16":0,"17":0,"18":0,"19":0,"20":0,"21":0,"22":0,"23":0,"24":0,"25":0,"26":1,"27":0},"f":{"0":0,"1":0,"2":0,"3":0,"4":0,"5":0,"6":0,"7":0},"b":{"0":[0,0,0,0,0,0,0,0,0]},"_coverageSchema":"332fd63041d2c1bcb487cc26dd0d5f7d97098a6c","hash":"4b1c21bc318fdf98125339add36e527144577cf3"}
,"/Users/stefan/projects/javascript-4-examination/stefan_larsson_js4/src/components/MovieListItem.js": {"path":"/Users/stefan/projects/javascript-4-examination/stefan_larsson_js4/src/components/MovieListItem.js","statementMap":{"0":{"start":{"line":6,"column":22},"end":{"line":20,"column":1}},"1":{"start":{"line":7,"column":4},"end":{"line":19,"column":10}}},"fnMap":{"0":{"name":"(anonymous_0)","decl":{"start":{"line":6,"column":22},"end":{"line":6,"column":23}},"loc":{"start":{"line":7,"column":4},"end":{"line":19,"column":10}},"line":7}},"branchMap":{},"s":{"0":3,"1":1},"f":{"0":1},"b":{},"_coverageSchema":"332fd63041d2c1bcb487cc26dd0d5f7d97098a6c","hash":"08ace542e7a89d07dc9169677da87c14c6f87f99"}
,"/Users/stefan/projects/javascript-4-examination/stefan_larsson_js4/src/components/NotFoundPage.js": {"path":"/Users/stefan/projects/javascript-4-examination/stefan_larsson_js4/src/components/NotFoundPage.js","statementMap":{"0":{"start":{"line":4,"column":21},"end":{"line":8,"column":1}},"1":{"start":{"line":5,"column":2},"end":{"line":7,"column":8}}},"fnMap":{"0":{"name":"(anonymous_0)","decl":{"start":{"line":4,"column":21},"end":{"line":4,"column":22}},"loc":{"start":{"line":5,"column":2},"end":{"line":7,"column":8}},"line":5}},"branchMap":{},"s":{"0":1,"1":1},"f":{"0":1},"b":{},"_coverageSchema":"332fd63041d2c1bcb487cc26dd0d5f7d97098a6c","hash":"3c779754f12eca16506b45daf2a7089c4c63356a"}
,"/Users/stefan/projects/javascript-4-examination/stefan_larsson_js4/src/firebase/firebase.js": {"path":"/Users/stefan/projects/javascript-4-examination/stefan_larsson_js4/src/firebase/firebase.js","statementMap":{"0":{"start":{"line":3,"column":15},"end":{"line":10,"column":1}},"1":{"start":{"line":12,"column":0},"end":{"line":12,"column":31}},"2":{"start":{"line":14,"column":17},"end":{"line":14,"column":36}},"3":{"start":{"line":15,"column":27},"end":{"line":15,"column":65}}},"fnMap":{},"branchMap":{},"s":{"0":6,"1":6,"2":6,"3":6},"f":{},"b":{},"_coverageSchema":"332fd63041d2c1bcb487cc26dd0d5f7d97098a6c","hash":"dbef5c7eaa7605f8b014855babeddb3a8582c9bc"}
,"/Users/stefan/projects/javascript-4-examination/stefan_larsson_js4/src/reducers/auth.js": {"path":"/Users/stefan/projects/javascript-4-examination/stefan_larsson_js4/src/reducers/auth.js","statementMap":{"0":{"start":{"line":2,"column":2},"end":{"line":11,"column":3}},"1":{"start":{"line":4,"column":6},"end":{"line":6,"column":8}},"2":{"start":{"line":8,"column":6},"end":{"line":8,"column":16}},"3":{"start":{"line":10,"column":6},"end":{"line":10,"column":19}}},"fnMap":{"0":{"name":"(anonymous_0)","decl":{"start":{"line":1,"column":15},"end":{"line":1,"column":16}},"loc":{"start":{"line":1,"column":39},"end":{"line":12,"column":1}},"line":1}},"branchMap":{"0":{"loc":{"start":{"line":1,"column":16},"end":{"line":1,"column":26}},"type":"default-arg","locations":[{"start":{"line":1,"column":24},"end":{"line":1,"column":26}}],"line":1},"1":{"loc":{"start":{"line":2,"column":2},"end":{"line":11,"column":3}},"type":"switch","locations":[{"start":{"line":3,"column":4},"end":{"line":6,"column":8}},{"start":{"line":7,"column":4},"end":{"line":8,"column":16}},{"start":{"line":9,"column":4},"end":{"line":10,"column":19}}],"line":2}},"s":{"0":2,"1":1,"2":1,"3":0},"f":{"0":2},"b":{"0":[0],"1":[1,1,0]},"_coverageSchema":"332fd63041d2c1bcb487cc26dd0d5f7d97098a6c","hash":"7fe823a2da5de9714108852092ee53edf589d8f5"}
,"/Users/stefan/projects/javascript-4-examination/stefan_larsson_js4/src/reducers/filters.js": {"path":"/Users/stefan/projects/javascript-4-examination/stefan_larsson_js4/src/reducers/filters.js","statementMap":{"0":{"start":{"line":4,"column":35},"end":{"line":9,"column":1}},"1":{"start":{"line":12,"column":4},"end":{"line":35,"column":5}},"2":{"start":{"line":14,"column":12},"end":{"line":17,"column":14}},"3":{"start":{"line":19,"column":12},"end":{"line":22,"column":14}},"4":{"start":{"line":24,"column":12},"end":{"line":27,"column":13}},"5":{"start":{"line":29,"column":12},"end":{"line":32,"column":13}},"6":{"start":{"line":34,"column":12},"end":{"line":34,"column":25}}},"fnMap":{"0":{"name":"(anonymous_0)","decl":{"start":{"line":11,"column":15},"end":{"line":11,"column":16}},"loc":{"start":{"line":11,"column":63},"end":{"line":36,"column":1}},"line":11}},"branchMap":{"0":{"loc":{"start":{"line":11,"column":16},"end":{"line":11,"column":50}},"type":"default-arg","locations":[{"start":{"line":11,"column":24},"end":{"line":11,"column":50}}],"line":11},"1":{"loc":{"start":{"line":12,"column":4},"end":{"line":35,"column":5}},"type":"switch","locations":[{"start":{"line":13,"column":8},"end":{"line":17,"column":14}},{"start":{"line":18,"column":8},"end":{"line":22,"column":14}},{"start":{"line":23,"column":8},"end":{"line":27,"column":13}},{"start":{"line":28,"column":8},"end":{"line":32,"column":13}},{"start":{"line":33,"column":8},"end":{"line":34,"column":25}}],"line":12}},"s":{"0":1,"1":5,"2":1,"3":1,"4":1,"5":1,"6":1},"f":{"0":5},"b":{"0":[5],"1":[1,1,1,1,1]},"_coverageSchema":"332fd63041d2c1bcb487cc26dd0d5f7d97098a6c","hash":"bb9e0b2d54e931df9a67b773982fcdbe5352b69b"}
,"/Users/stefan/projects/javascript-4-examination/stefan_larsson_js4/src/reducers/movies.js": {"path":"/Users/stefan/projects/javascript-4-examination/stefan_larsson_js4/src/reducers/movies.js","statementMap":{"0":{"start":{"line":3,"column":34},"end":{"line":3,"column":36}},"1":{"start":{"line":6,"column":4},"end":{"line":27,"column":5}},"2":{"start":{"line":8,"column":12},"end":{"line":11,"column":14}},"3":{"start":{"line":13,"column":12},"end":{"line":13,"column":62}},"4":{"start":{"line":13,"column":44},"end":{"line":13,"column":60}},"5":{"start":{"line":15,"column":12},"end":{"line":24,"column":15}},"6":{"start":{"line":16,"column":16},"end":{"line":23,"column":17}},"7":{"start":{"line":17,"column":20},"end":{"line":20,"column":22}},"8":{"start":{"line":22,"column":20},"end":{"line":22,"column":33}},"9":{"start":{"line":26,"column":12},"end":{"line":26,"column":25}}},"fnMap":{"0":{"name":"(anonymous_0)","decl":{"start":{"line":5,"column":15},"end":{"line":5,"column":16}},"loc":{"start":{"line":5,"column":63},"end":{"line":28,"column":1}},"line":5},"1":{"name":"(anonymous_1)","decl":{"start":{"line":13,"column":32},"end":{"line":13,"column":33}},"loc":{"start":{"line":13,"column":44},"end":{"line":13,"column":60}},"line":13},"2":{"name":"(anonymous_2)","decl":{"start":{"line":15,"column":29},"end":{"line":15,"column":30}},"loc":{"start":{"line":15,"column":40},"end":{"line":24,"column":13}},"line":15}},"branchMap":{"0":{"loc":{"start":{"line":5,"column":16},"end":{"line":5,"column":49}},"type":"default-arg","locations":[{"start":{"line":5,"column":24},"end":{"line":5,"column":49}}],"line":5},"1":{"loc":{"start":{"line":6,"column":4},"end":{"line":27,"column":5}},"type":"switch","locations":[{"start":{"line":7,"column":8},"end":{"line":11,"column":14}},{"start":{"line":12,"column":8},"end":{"line":13,"column":62}},{"start":{"line":14,"column":8},"end":{"line":24,"column":15}},{"start":{"line":25,"column":8},"end":{"line":26,"column":25}}],"line":6},"2":{"loc":{"start":{"line":16,"column":16},"end":{"line":23,"column":17}},"type":"if","locations":[{"start":{"line":16,"column":16},"end":{"line":23,"column":17}},{"start":{"line":16,"column":16},"end":{"line":23,"column":17}}],"line":16}},"s":{"0":1,"1":6,"2":1,"3":2,"4":6,"5":2,"6":6,"7":1,"8":5,"9":1},"f":{"0":6,"1":6,"2":6},"b":{"0":[1],"1":[1,2,2,1],"2":[1,5]},"_coverageSchema":"332fd63041d2c1bcb487cc26dd0d5f7d97098a6c","hash":"9a5337eefa21cfaf620a5d57c7f7a9b4ec875cb8"}
,"/Users/stefan/projects/javascript-4-examination/stefan_larsson_js4/src/selectors/movies.js": {"path":"/Users/stefan/projects/javascript-4-examination/stefan_larsson_js4/src/selectors/movies.js","statementMap":{"0":{"start":{"line":5,"column":4},"end":{"line":13,"column":7}},"1":{"start":{"line":6,"column":32},"end":{"line":6,"column":55}},"2":{"start":{"line":7,"column":31},"end":{"line":7,"column":98}},"3":{"start":{"line":8,"column":29},"end":{"line":8,"column":91}},"4":{"start":{"line":9,"column":27},"end":{"line":9,"column":81}},"5":{"start":{"line":10,"column":27},"end":{"line":10,"column":83}},"6":{"start":{"line":12,"column":8},"end":{"line":12,"column":74}}},"fnMap":{"0":{"name":"(anonymous_0)","decl":{"start":{"line":4,"column":15},"end":{"line":4,"column":16}},"loc":{"start":{"line":4,"column":65},"end":{"line":14,"column":1}},"line":4},"1":{"name":"(anonymous_1)","decl":{"start":{"line":5,"column":25},"end":{"line":5,"column":26}},"loc":{"start":{"line":5,"column":36},"end":{"line":13,"column":5}},"line":5}},"branchMap":{"0":{"loc":{"start":{"line":7,"column":31},"end":{"line":7,"column":98}},"type":"cond-expr","locations":[{"start":{"line":7,"column":43},"end":{"line":7,"column":91}},{"start":{"line":7,"column":94},"end":{"line":7,"column":98}}],"line":7},"1":{"loc":{"start":{"line":8,"column":29},"end":{"line":8,"column":91}},"type":"cond-expr","locations":[{"start":{"line":8,"column":39},"end":{"line":8,"column":84}},{"start":{"line":8,"column":87},"end":{"line":8,"column":91}}],"line":8},"2":{"loc":{"start":{"line":12,"column":15},"end":{"line":12,"column":73}},"type":"binary-expr","locations":[{"start":{"line":12,"column":15},"end":{"line":12,"column":29}},{"start":{"line":12,"column":33},"end":{"line":12,"column":45}},{"start":{"line":12,"column":49},"end":{"line":12,"column":59}},{"start":{"line":12,"column":63},"end":{"line":12,"column":73}}],"line":12}},"s":{"0":4,"1":12,"2":12,"3":12,"4":12,"5":12,"6":12},"f":{"0":4,"1":12},"b":{"0":[3,9],"1":[3,9],"2":[12,11,10,9]},"_coverageSchema":"332fd63041d2c1bcb487cc26dd0d5f7d97098a6c","hash":"72c78a207f43ddd6564a481d0df913d94d955644"}
,"/Users/stefan/projects/javascript-4-examination/stefan_larsson_js4/src/tests/fixtures/movies.js": {"path":"/Users/stefan/projects/javascript-4-examination/stefan_larsson_js4/src/tests/fixtures/movies.js","statementMap":{},"fnMap":{},"branchMap":{},"s":{},"f":{},"b":{},"_coverageSchema":"332fd63041d2c1bcb487cc26dd0d5f7d97098a6c","hash":"3b6da15899f5e3756e854c005dcb45d4d9511f7f"}
}
