TN:
SF:/Users/stefan/projects/javascript-4-examination/stefan_larsson_js4/src/actions/auth.js
FN:3,(anonymous_0)
FN:8,(anonymous_1)
FN:9,(anonymous_2)
FN:14,(anonymous_3)
FN:18,(anonymous_4)
FN:19,(anonymous_5)
FN:24,(anonymous_6)
FN:28,(anonymous_7)
FN:31,(anonymous_8)
FN:34,(anonymous_9)
FNF:10
FNH:2
FNDA:1,(anonymous_0)
FNDA:0,(anonymous_1)
FNDA:0,(anonymous_2)
FNDA:1,(anonymous_3)
FNDA:0,(anonymous_4)
FNDA:0,(anonymous_5)
FNDA:0,(anonymous_6)
FNDA:0,(anonymous_7)
FNDA:0,(anonymous_8)
FNDA:0,(anonymous_9)
DA:3,3
DA:8,3
DA:9,0
DA:10,0
DA:14,3
DA:18,3
DA:19,0
DA:20,0
DA:24,3
DA:25,0
DA:28,0
DA:31,3
DA:32,0
DA:34,0
LF:14
LH:6
BRF:0
BRH:0
end_of_record
TN:
SF:/Users/stefan/projects/javascript-4-examination/stefan_larsson_js4/src/actions/filters.js
FN:1,(anonymous_0)
FN:6,(anonymous_1)
FN:11,(anonymous_2)
FN:16,(anonymous_3)
FNF:4
FNH:4
FNDA:2,(anonymous_0)
FNDA:1,(anonymous_1)
FNDA:1,(anonymous_2)
FNDA:1,(anonymous_3)
DA:1,2
DA:6,2
DA:11,2
DA:16,2
LF:4
LH:4
BRDA:1,0,0,1
BRDA:6,1,0,0
BRF:2
BRH:1
end_of_record
TN:
SF:/Users/stefan/projects/javascript-4-examination/stefan_larsson_js4/src/actions/movies.js
FN:5,(anonymous_0)
FN:10,(anonymous_1)
FN:11,(anonymous_2)
FN:24,(anonymous_3)
FN:30,(anonymous_4)
FN:35,(anonymous_5)
FN:36,(anonymous_6)
FN:37,(anonymous_7)
FN:43,(anonymous_8)
FN:49,(anonymous_9)
FN:50,(anonymous_10)
FN:51,(anonymous_11)
FN:57,fetchListenerMovies
FN:58,(anonymous_13)
FN:64,removeListenerMovie
FN:65,(anonymous_15)
FN:70,changedListenerMovie
FN:71,(anonymous_17)
FNF:18
FNH:9
FNDA:1,(anonymous_0)
FNDA:0,(anonymous_1)
FNDA:0,(anonymous_2)
FNDA:0,(anonymous_3)
FNDA:2,(anonymous_4)
FNDA:1,(anonymous_5)
FNDA:1,(anonymous_6)
FNDA:1,(anonymous_7)
FNDA:2,(anonymous_8)
FNDA:1,(anonymous_9)
FNDA:1,(anonymous_10)
FNDA:1,(anonymous_11)
FNDA:0,fetchListenerMovies
FNDA:0,(anonymous_13)
FNDA:0,removeListenerMovie
FNDA:0,(anonymous_15)
FNDA:0,changedListenerMovie
FNDA:0,(anonymous_17)
DA:5,3
DA:10,3
DA:11,0
DA:12,0
DA:21,0
DA:22,0
DA:24,0
DA:25,0
DA:30,3
DA:35,3
DA:36,1
DA:37,1
DA:38,1
DA:43,3
DA:49,3
DA:50,1
DA:51,1
DA:52,1
DA:58,0
DA:59,0
DA:60,0
DA:65,0
DA:66,0
DA:71,0
DA:72,0
DA:73,0
LF:26
LH:12
BRDA:10,0,0,0
BRDA:14,1,0,0
BRDA:15,2,0,0
BRDA:16,3,0,0
BRDA:17,4,0,0
BRDA:18,5,0,0
BRDA:19,6,0,0
BRDA:20,7,0,0
BRDA:30,8,0,0
BRDA:35,9,0,0
BRF:10
BRH:0
end_of_record
TN:
SF:/Users/stefan/projects/javascript-4-examination/stefan_larsson_js4/src/components/AddMoviePage.js
FN:8,(anonymous_0)
FN:12,(anonymous_1)
FN:26,(anonymous_2)
FN:27,(anonymous_3)
FNF:4
FNH:2
FNDA:1,(anonymous_0)
FNDA:2,(anonymous_1)
FNDA:0,(anonymous_2)
FNDA:0,(anonymous_3)
DA:9,1
DA:10,1
DA:13,2
DA:26,1
DA:27,0
LF:5
LH:4
BRF:0
BRH:0
end_of_record
TN:
SF:/Users/stefan/projects/javascript-4-examination/stefan_larsson_js4/src/components/DashboardPage.js
FN:6,(anonymous_0)
FNF:1
FNH:1
FNDA:1,(anonymous_0)
DA:6,1
DA:7,1
LF:2
LH:2
BRF:0
BRH:0
end_of_record
TN:
SF:/Users/stefan/projects/javascript-4-examination/stefan_larsson_js4/src/components/EditMoviePage.js
FN:8,(anonymous_0)
FN:12,(anonymous_1)
FN:16,(anonymous_2)
FN:31,(anonymous_3)
FN:33,(anonymous_4)
FN:37,(anonymous_5)
FN:38,(anonymous_6)
FN:39,(anonymous_7)
FNF:8
FNH:3
FNDA:1,(anonymous_0)
FNDA:1,(anonymous_1)
FNDA:3,(anonymous_2)
FNDA:0,(anonymous_3)
FNDA:0,(anonymous_4)
FNDA:0,(anonymous_5)
FNDA:0,(anonymous_6)
FNDA:0,(anonymous_7)
DA:9,1
DA:13,1
DA:17,3
DA:31,1
DA:32,0
DA:33,0
DA:37,1
DA:38,0
DA:39,0
LF:9
LH:5
BRF:0
BRH:0
end_of_record
TN:
SF:/Users/stefan/projects/javascript-4-examination/stefan_larsson_js4/src/components/Header.js
FN:13,(anonymous_0)
FN:33,(anonymous_1)
FN:34,(anonymous_2)
FNF:3
FNH:1
FNDA:2,(anonymous_0)
FNDA:0,(anonymous_1)
FNDA:0,(anonymous_2)
DA:13,1
DA:14,2
DA:33,1
DA:34,0
LF:4
LH:3
BRF:0
BRH:0
end_of_record
TN:
SF:/Users/stefan/projects/javascript-4-examination/stefan_larsson_js4/src/components/LoadingPage.js
FN:3,(anonymous_0)
FNF:1
FNH:1
FNDA:1,(anonymous_0)
DA:3,1
DA:4,1
LF:2
LH:2
BRF:0
BRH:0
end_of_record
TN:
SF:/Users/stefan/projects/javascript-4-examination/stefan_larsson_js4/src/components/LoginPage.js
FN:15,(anonymous_0)
FN:16,(anonymous_1)
FN:20,(anonymous_2)
FN:21,(anonymous_3)
FN:25,(anonymous_4)
FN:26,(anonymous_5)
FN:30,(anonymous_6)
FN:34,(anonymous_7)
FN:41,(anonymous_8)
FN:48,(anonymous_9)
FN:123,(anonymous_10)
FN:124,(anonymous_11)
FNF:12
FNH:2
FNDA:0,(anonymous_0)
FNDA:0,(anonymous_1)
FNDA:0,(anonymous_2)
FNDA:0,(anonymous_3)
FNDA:0,(anonymous_4)
FNDA:0,(anonymous_5)
FNDA:1,(anonymous_6)
FNDA:0,(anonymous_7)
FNDA:0,(anonymous_8)
FNDA:2,(anonymous_9)
FNDA:0,(anonymous_10)
FNDA:0,(anonymous_11)
DA:16,0
DA:21,0
DA:26,0
DA:31,1
DA:35,0
DA:36,0
DA:37,0
DA:39,0
DA:42,0
DA:43,0
DA:44,0
DA:46,0
DA:49,2
DA:123,1
DA:124,0
LF:15
LH:3
BRF:0
BRH:0
end_of_record
TN:
SF:/Users/stefan/projects/javascript-4-examination/stefan_larsson_js4/src/components/MovieForm.js
FN:7,(anonymous_0)
FN:23,(anonymous_1)
FN:25,(anonymous_2)
FN:27,(anonymous_3)
FN:29,(anonymous_4)
FN:31,(anonymous_5)
FN:33,(anonymous_6)
FN:35,(anonymous_7)
FN:37,(anonymous_8)
FN:39,(anonymous_9)
FN:41,(anonymous_10)
FN:43,(anonymous_11)
FN:46,(anonymous_12)
FN:49,(anonymous_13)
FN:51,(anonymous_14)
FN:54,(anonymous_15)
FN:55,(anonymous_16)
FN:57,(anonymous_17)
FN:69,(anonymous_18)
FN:71,(anonymous_19)
FN:84,(anonymous_20)
FN:161,(anonymous_21)
FNF:22
FNH:15
FNDA:9,(anonymous_0)
FNDA:1,(anonymous_1)
FNDA:1,(anonymous_2)
FNDA:1,(anonymous_3)
FNDA:1,(anonymous_4)
FNDA:1,(anonymous_5)
FNDA:1,(anonymous_6)
FNDA:0,(anonymous_7)
FNDA:0,(anonymous_8)
FNDA:0,(anonymous_9)
FNDA:0,(anonymous_10)
FNDA:0,(anonymous_11)
FNDA:0,(anonymous_12)
FNDA:1,(anonymous_13)
FNDA:1,(anonymous_14)
FNDA:1,(anonymous_15)
FNDA:1,(anonymous_16)
FNDA:2,(anonymous_17)
FNDA:1,(anonymous_18)
FNDA:1,(anonymous_19)
FNDA:16,(anonymous_20)
FNDA:0,(anonymous_21)
DA:8,9
DA:10,9
DA:24,1
DA:25,1
DA:28,1
DA:29,1
DA:32,1
DA:33,1
DA:36,0
DA:37,0
DA:40,0
DA:41,0
DA:44,0
DA:45,0
DA:46,0
DA:50,1
DA:51,1
DA:55,1
DA:58,2
DA:60,2
DA:69,1
DA:71,1
DA:72,1
DA:85,16
DA:161,0
LF:25
LH:17
BRDA:11,0,0,2
BRDA:11,0,1,7
BRDA:12,1,0,2
BRDA:12,1,1,7
BRDA:13,2,0,2
BRDA:13,2,1,7
BRDA:14,3,0,2
BRDA:14,3,1,7
BRDA:15,4,0,2
BRDA:15,4,1,7
BRDA:16,5,0,2
BRDA:16,5,1,7
BRDA:17,6,0,2
BRDA:17,6,1,7
BRDA:45,7,0,0
BRDA:45,7,1,0
BRDA:45,8,0,0
BRDA:45,8,1,0
BRDA:50,9,0,1
BRDA:50,9,1,0
BRDA:60,10,0,1
BRDA:60,10,1,1
BRDA:61,11,0,2
BRDA:61,11,1,1
BRDA:61,11,2,1
BRDA:61,11,3,1
BRDA:61,11,4,1
BRDA:61,11,5,1
BRDA:61,11,6,1
BRDA:88,12,0,16
BRDA:88,12,1,1
BRDA:165,13,0,3
BRDA:165,13,1,13
BRF:33
BRH:28
end_of_record
TN:
SF:/Users/stefan/projects/javascript-4-examination/stefan_larsson_js4/src/components/MovieList.js
FN:7,(anonymous_0)
FN:13,(anonymous_1)
FN:20,(anonymous_2)
FNF:3
FNH:2
FNDA:2,(anonymous_0)
FNDA:3,(anonymous_1)
FNDA:0,(anonymous_2)
DA:7,2
DA:8,2
DA:14,3
DA:20,2
DA:21,0
LF:5
LH:4
BRDA:12,0,0,2
BRDA:12,0,1,1
BRF:2
BRH:2
end_of_record
TN:
SF:/Users/stefan/projects/javascript-4-examination/stefan_larsson_js4/src/components/MovieListFilters.js
FN:11,(anonymous_0)
FN:15,(anonymous_1)
FN:16,(anonymous_2)
FN:18,(anonymous_3)
FN:27,(anonymous_4)
FN:36,(anonymous_5)
FN:89,(anonymous_6)
FN:98,(anonymous_7)
FNF:8
FNH:0
FNDA:0,(anonymous_0)
FNDA:0,(anonymous_1)
FNDA:0,(anonymous_2)
FNDA:0,(anonymous_3)
FNDA:0,(anonymous_4)
FNDA:0,(anonymous_5)
FNDA:0,(anonymous_6)
FNDA:0,(anonymous_7)
DA:12,0
DA:13,0
DA:16,0
DA:19,0
DA:28,0
DA:37,0
DA:39,0
DA:40,0
DA:42,0
DA:43,0
DA:45,0
DA:46,0
DA:48,0
DA:49,0
DA:51,0
DA:52,0
DA:54,0
DA:55,0
DA:57,0
DA:58,0
DA:60,0
DA:61,0
DA:63,0
DA:64,0
DA:89,0
DA:98,1
DA:99,0
LF:27
LH:1
BRDA:37,0,0,0
BRDA:37,0,1,0
BRDA:37,0,2,0
BRDA:37,0,3,0
BRDA:37,0,4,0
BRDA:37,0,5,0
BRDA:37,0,6,0
BRDA:37,0,7,0
BRDA:37,0,8,0
BRF:9
BRH:0
end_of_record
TN:
SF:/Users/stefan/projects/javascript-4-examination/stefan_larsson_js4/src/components/MovieListItem.js
FN:6,(anonymous_0)
FNF:1
FNH:1
FNDA:1,(anonymous_0)
DA:6,3
DA:7,1
LF:2
LH:2
BRF:0
BRH:0
end_of_record
TN:
SF:/Users/stefan/projects/javascript-4-examination/stefan_larsson_js4/src/components/NotFoundPage.js
FN:4,(anonymous_0)
FNF:1
FNH:1
FNDA:1,(anonymous_0)
DA:4,1
DA:5,1
LF:2
LH:2
BRF:0
BRH:0
end_of_record
TN:
SF:/Users/stefan/projects/javascript-4-examination/stefan_larsson_js4/src/firebase/firebase.js
FNF:0
FNH:0
DA:3,6
DA:12,6
DA:14,6
DA:15,6
LF:4
LH:4
BRF:0
BRH:0
end_of_record
TN:
SF:/Users/stefan/projects/javascript-4-examination/stefan_larsson_js4/src/reducers/auth.js
FN:1,(anonymous_0)
FNF:1
FNH:1
FNDA:2,(anonymous_0)
DA:2,2
DA:4,1
DA:8,1
DA:10,0
LF:4
LH:3
BRDA:1,0,0,0
BRDA:2,1,0,1
BRDA:2,1,1,1
BRDA:2,1,2,0
BRF:4
BRH:2
end_of_record
TN:
SF:/Users/stefan/projects/javascript-4-examination/stefan_larsson_js4/src/reducers/filters.js
FN:11,(anonymous_0)
FNF:1
FNH:1
FNDA:5,(anonymous_0)
DA:4,1
DA:12,5
DA:14,1
DA:19,1
DA:24,1
DA:29,1
DA:34,1
LF:7
LH:7
BRDA:11,0,0,5
BRDA:12,1,0,1
BRDA:12,1,1,1
BRDA:12,1,2,1
BRDA:12,1,3,1
BRDA:12,1,4,1
BRF:6
BRH:6
end_of_record
TN:
SF:/Users/stefan/projects/javascript-4-examination/stefan_larsson_js4/src/reducers/movies.js
FN:5,(anonymous_0)
FN:13,(anonymous_1)
FN:15,(anonymous_2)
FNF:3
FNH:3
FNDA:6,(anonymous_0)
FNDA:6,(anonymous_1)
FNDA:6,(anonymous_2)
DA:3,1
DA:6,6
DA:8,1
DA:13,6
DA:15,2
DA:16,6
DA:17,1
DA:22,5
DA:26,1
LF:9
LH:9
BRDA:5,0,0,1
BRDA:6,1,0,1
BRDA:6,1,1,2
BRDA:6,1,2,2
BRDA:6,1,3,1
BRDA:16,2,0,1
BRDA:16,2,1,5
BRF:7
BRH:7
end_of_record
TN:
SF:/Users/stefan/projects/javascript-4-examination/stefan_larsson_js4/src/selectors/movies.js
FN:4,(anonymous_0)
FN:5,(anonymous_1)
FNF:2
FNH:2
FNDA:4,(anonymous_0)
FNDA:12,(anonymous_1)
DA:5,4
DA:6,12
DA:7,12
DA:8,12
DA:9,12
DA:10,12
DA:12,12
LF:7
LH:7
BRDA:7,0,0,3
BRDA:7,0,1,9
BRDA:8,1,0,3
BRDA:8,1,1,9
BRDA:12,2,0,12
BRDA:12,2,1,11
BRDA:12,2,2,10
BRDA:12,2,3,9
BRF:8
BRH:8
end_of_record
TN:
SF:/Users/stefan/projects/javascript-4-examination/stefan_larsson_js4/src/tests/fixtures/movies.js
FNF:0
FNH:0
LF:0
LH:0
BRF:0
BRH:0
end_of_record
